{"C:\\Users\\javie\\Desktop\\React\\02-first-steps\\src\\FirstStepsApp.tsx": {"path":"C:\\Users\\javie\\Desktop\\React\\02-first-steps\\src\\FirstStepsApp.tsx","statementMap":{"0":{"start":{"line":8,"column":34},"end":{"line":12,"column":null}},"1":{"start":{"line":15,"column":2},"end":{"line":25,"column":null}},"2":{"start":{"line":23,"column":53},"end":{"line":25,"column":null}}},"fnMap":{"0":{"name":"FirstStepsApp","decl":{"start":{"line":14,"column":16},"end":{"line":14,"column":null}},"loc":{"start":{"line":14,"column":16},"end":{"line":32,"column":null}},"line":14},"1":{"name":"(anonymous_1)","decl":{"start":{"line":23,"column":23},"end":{"line":23,"column":24}},"loc":{"start":{"line":23,"column":53},"end":{"line":25,"column":null}},"line":23}},"branchMap":{},"s":{"0":1,"1":3,"2":9},"f":{"0":3,"1":9},"b":{},"meta":{"lastBranch":0,"lastFunction":2,"lastStatement":3,"seen":{"s:8:34:12:Infinity":0,"f:14:16:14:Infinity":0,"s:15:2:25:Infinity":1,"f:23:23:23:24":1,"s:23:53:25:Infinity":2}}}
,"C:\\Users\\javie\\Desktop\\React\\02-first-steps\\src\\MyAwesomeApp.tsx": {"path":"C:\\Users\\javie\\Desktop\\React\\02-first-steps\\src\\MyAwesomeApp.tsx","statementMap":{"0":{"start":{"line":3,"column":18},"end":{"line":3,"column":null}},"1":{"start":{"line":4,"column":16},"end":{"line":4,"column":null}},"2":{"start":{"line":6,"column":23},"end":{"line":6,"column":null}},"3":{"start":{"line":7,"column":17},"end":{"line":7,"column":null}},"4":{"start":{"line":8,"column":15},"end":{"line":11,"column":null}},"5":{"start":{"line":12,"column":32},"end":{"line":17,"column":null}},"6":{"start":{"line":20,"column":2},"end":{"line":28,"column":null}}},"fnMap":{"0":{"name":"MyAwesomeApp","decl":{"start":{"line":19,"column":16},"end":{"line":19,"column":null}},"loc":{"start":{"line":19,"column":16},"end":{"line":31,"column":null}},"line":19}},"branchMap":{"0":{"loc":{"start":{"line":14,"column":16},"end":{"line":14,"column":null}},"type":"cond-expr","locations":[{"start":{"line":14,"column":27},"end":{"line":14,"column":32}},{"start":{"line":14,"column":32},"end":{"line":14,"column":null}}],"line":14},"1":{"loc":{"start":{"line":27,"column":11},"end":{"line":27,"column":null}},"type":"cond-expr","locations":[{"start":{"line":27,"column":22},"end":{"line":27,"column":33}},{"start":{"line":27,"column":33},"end":{"line":27,"column":null}}],"line":27}},"s":{"0":1,"1":1,"2":1,"3":1,"4":1,"5":1,"6":3},"f":{"0":3},"b":{"0":[1,0],"1":[3,0]},"meta":{"lastBranch":2,"lastFunction":1,"lastStatement":7,"seen":{"s:3:18:3:Infinity":0,"s:4:16:4:Infinity":1,"s:6:23:6:Infinity":2,"s:7:17:7:Infinity":3,"s:8:15:11:Infinity":4,"s:12:32:17:Infinity":5,"b:14:27:14:32:14:32:14:Infinity":0,"f:19:16:19:Infinity":0,"s:20:2:28:Infinity":6,"b:27:22:27:33:27:33:27:Infinity":1}}}
,"C:\\Users\\javie\\Desktop\\React\\02-first-steps\\src\\helpers\\math.helper.ts": {"path":"C:\\Users\\javie\\Desktop\\React\\02-first-steps\\src\\helpers\\math.helper.ts","statementMap":{"0":{"start":{"line":1,"column":19},"end":{"line":3,"column":null}},"1":{"start":{"line":2,"column":4},"end":{"line":2,"column":null}},"2":{"start":{"line":5,"column":25},"end":{"line":7,"column":null}},"3":{"start":{"line":6,"column":4},"end":{"line":6,"column":null}},"4":{"start":{"line":9,"column":24},"end":{"line":11,"column":null}},"5":{"start":{"line":10,"column":4},"end":{"line":10,"column":null}},"6":{"start":{"line":12,"column":22},"end":{"line":14,"column":null}},"7":{"start":{"line":13,"column":4},"end":{"line":13,"column":null}}},"fnMap":{"0":{"name":"(anonymous_0)","decl":{"start":{"line":1,"column":19},"end":{"line":1,"column":20}},"loc":{"start":{"line":1,"column":31},"end":{"line":3,"column":null}},"line":1},"1":{"name":"(anonymous_1)","decl":{"start":{"line":5,"column":25},"end":{"line":5,"column":26}},"loc":{"start":{"line":5,"column":37},"end":{"line":7,"column":null}},"line":5},"2":{"name":"(anonymous_2)","decl":{"start":{"line":9,"column":24},"end":{"line":9,"column":25}},"loc":{"start":{"line":9,"column":36},"end":{"line":11,"column":null}},"line":9},"3":{"name":"(anonymous_3)","decl":{"start":{"line":12,"column":22},"end":{"line":12,"column":23}},"loc":{"start":{"line":12,"column":34},"end":{"line":14,"column":null}},"line":12}},"branchMap":{},"s":{"0":1,"1":2,"2":1,"3":3,"4":1,"5":2,"6":1,"7":1},"f":{"0":2,"1":3,"2":2,"3":1},"b":{},"meta":{"lastBranch":0,"lastFunction":4,"lastStatement":8,"seen":{"s:1:19:3:Infinity":0,"f:1:19:1:20":0,"s:2:4:2:Infinity":1,"s:5:25:7:Infinity":2,"f:5:25:5:26":1,"s:6:4:6:Infinity":3,"s:9:24:11:Infinity":4,"f:9:24:9:25":2,"s:10:4:10:Infinity":5,"s:12:22:14:Infinity":6,"f:12:22:12:23":3,"s:13:4:13:Infinity":7}}}
,"C:\\Users\\javie\\Desktop\\React\\02-first-steps\\src\\shopping-cart\\ItemCounter.module.css": {"path":"C:\\Users\\javie\\Desktop\\React\\02-first-steps\\src\\shopping-cart\\ItemCounter.module.css","statementMap":{},"fnMap":{},"branchMap":{},"s":{},"f":{},"b":{},"meta":{"lastBranch":0,"lastFunction":0,"lastStatement":0,"seen":{}}}
,"C:\\Users\\javie\\Desktop\\React\\02-first-steps\\src\\shopping-cart\\ItemCounter.tsx": {"path":"C:\\Users\\javie\\Desktop\\React\\02-first-steps\\src\\shopping-cart\\ItemCounter.tsx","statementMap":{"0":{"start":{"line":10,"column":27},"end":{"line":41,"column":null}},"1":{"start":{"line":11,"column":25},"end":{"line":11,"column":null}},"2":{"start":{"line":13,"column":20},"end":{"line":15,"column":null}},"3":{"start":{"line":14,"column":4},"end":{"line":14,"column":null}},"4":{"start":{"line":17,"column":26},"end":{"line":22,"column":null}},"5":{"start":{"line":18,"column":4},"end":{"line":20,"column":null}},"6":{"start":{"line":19,"column":6},"end":{"line":19,"column":null}},"7":{"start":{"line":21,"column":4},"end":{"line":21,"column":null}},"8":{"start":{"line":28,"column":2},"end":{"line":38,"column":null}}},"fnMap":{"0":{"name":"(anonymous_0)","decl":{"start":{"line":10,"column":27},"end":{"line":10,"column":28}},"loc":{"start":{"line":10,"column":64},"end":{"line":41,"column":null}},"line":10},"1":{"name":"(anonymous_1)","decl":{"start":{"line":13,"column":20},"end":{"line":13,"column":null}},"loc":{"start":{"line":13,"column":20},"end":{"line":15,"column":null}},"line":13},"2":{"name":"(anonymous_2)","decl":{"start":{"line":17,"column":26},"end":{"line":17,"column":null}},"loc":{"start":{"line":17,"column":26},"end":{"line":22,"column":null}},"line":17}},"branchMap":{"0":{"loc":{"start":{"line":10,"column":43},"end":{"line":10,"column":55}},"type":"default-arg","locations":[{"start":{"line":10,"column":54},"end":{"line":10,"column":55}}],"line":10},"1":{"loc":{"start":{"line":18,"column":4},"end":{"line":20,"column":null}},"type":"if","locations":[{"start":{"line":18,"column":4},"end":{"line":20,"column":null}},{"start":{},"end":{}}],"line":18},"2":{"loc":{"start":{"line":32,"column":24},"end":{"line":32,"column":54}},"type":"cond-expr","locations":[{"start":{"line":32,"column":38},"end":{"line":32,"column":46}},{"start":{"line":32,"column":46},"end":{"line":32,"column":54}}],"line":32}},"s":{"0":1,"1":9,"2":9,"3":1,"4":9,"5":2,"6":1,"7":1,"8":9},"f":{"0":9,"1":1,"2":2},"b":{"0":[9],"1":[1,1],"2":[4,5]},"meta":{"lastBranch":3,"lastFunction":3,"lastStatement":9,"seen":{"s:10:27:41:Infinity":0,"f:10:27:10:28":0,"b:10:54:10:55":0,"s:11:25:11:Infinity":1,"s:13:20:15:Infinity":2,"f:13:20:13:Infinity":1,"s:14:4:14:Infinity":3,"s:17:26:22:Infinity":4,"f:17:26:17:Infinity":2,"b:18:4:20:Infinity:undefined:undefined:undefined:undefined":1,"s:18:4:20:Infinity":5,"s:19:6:19:Infinity":6,"s:21:4:21:Infinity":7,"s:28:2:38:Infinity":8,"b:32:38:32:46:32:46:32:54":2}}}
}
